# JRE version: OpenJDK Runtime Environment Temurin-17.0.10+7 (17.0.10+7) (build 17.0.10+7)
# Java VM: OpenJDK 64-Bit Server VM Temurin-17.0.10+7 (17.0.10+7, mixed mode, tiered, compressed oops, compressed class ptrs, parallel gc, windows-amd64)
GC Precious Log:
 CPUs: 12 total, 12 available
 Memory: 6005M
 Large Page Support: Disabled
 NUMA Support: Disabled
 Compressed Oops: Enabled (32-bit)
 Alignments: Space 512K, Generation 512K, Heap 2M
 Heap Min Capacity: 100M
 Heap Initial Capacity: 100M
 Heap Max Capacity: 1G
 Pre-touch: Disabled
 Parallel Workers: 10
Heap:
 PSYoungGen      total 19456K, used 18056K [0x00000000eab00000, 0x00000000ec900000, 0x0000000100000000)
  eden space 11264K, 92% used [0x00000000eab00000,0x00000000eb536f80,0x00000000eb600000)
  from space 8192K, 92% used [0x00000000eb600000,0x00000000ebd6b2b0,0x00000000ebe00000)
  to   space 9216K, 0% used [0x00000000ec000000,0x00000000ec000000,0x00000000ec900000)
 ParOldGen       total 699392K, used 306111K [0x00000000c0000000, 0x00000000eab00000, 0x00000000eab00000)
  object space 699392K, 43% used [0x00000000c0000000,0x00000000d2aefea0,0x00000000eab00000)
 Metaspace       used 64758K, committed 65920K, reserved 1114112K
  class space    used 6947K, committed 7424K, reserved 1048576K
GC Heap History (20 events):
Event: 27.079 GC heap before
{Heap before GC invocations=194 (full 36):
 PSYoungGen      total 14336K, used 14331K [0x00000000eab00000, 0x00000000ec200000, 0x0000000100000000)
  eden space 8704K, 100% used [0x00000000eab00000,0x00000000eb380000,0x00000000eb380000)
  from space 5632K, 99% used [0x00000000eb380000,0x00000000eb8fec90,0x00000000eb900000)
  to   space 7168K, 0% used [0x00000000ebb00000,0x00000000ebb00000,0x00000000ec200000)
 ParOldGen       total 699392K, used 275194K [0x00000000c0000000, 0x00000000eab00000, 0x00000000eab00000)
  object space 699392K, 39% used [0x00000000c0000000,0x00000000d0cbe850,0x00000000eab00000)
 Metaspace       used 64758K, committed 65920K, reserved 1114112K
  class space    used 6947K, committed 7424K, reserved 1048576K
}
Event: 27.084 GC heap after
{Heap after GC invocations=194 (full 36):
 PSYoungGen      total 14848K, used 5347K [0x00000000eab00000, 0x00000000ec080000, 0x0000000100000000)
  eden space 9216K, 0% used [0x00000000eab00000,0x00000000eab00000,0x00000000eb400000)
  from space 5632K, 94% used [0x00000000ebb00000,0x00000000ec038f10,0x00000000ec080000)
  to   space 6144K, 0% used [0x00000000eb480000,0x00000000eb480000,0x00000000eba80000)
 ParOldGen       total 699392K, used 277556K [0x00000000c0000000, 0x00000000eab00000, 0x00000000eab00000)
  object space 699392K, 39% used [0x00000000c0000000,0x00000000d0f0d238,0x00000000eab00000)
 Metaspace       used 64758K, committed 65920K, reserved 1114112K
  class space    used 6947K, committed 7424K, reserved 1048576K
}
Event: 27.128 GC heap before
{Heap before GC invocations=195 (full 36):
 PSYoungGen      total 14848K, used 14563K [0x00000000eab00000, 0x00000000ec080000, 0x0000000100000000)
  eden space 9216K, 100% used [0x00000000eab00000,0x00000000eb400000,0x00000000eb400000)
  from space 5632K, 94% used [0x00000000ebb00000,0x00000000ec038f10,0x00000000ec080000)
  to   space 6144K, 0% used [0x00000000eb480000,0x00000000eb480000,0x00000000eba80000)
 ParOldGen       total 699392K, used 277556K [0x00000000c0000000, 0x00000000eab00000, 0x00000000eab00000)
  object space 699392K, 39% used [0x00000000c0000000,0x00000000d0f0d238,0x00000000eab00000)
 Metaspace       used 64758K, committed 65920K, reserved 1114112K
  class space    used 6947K, committed 7424K, reserved 1048576K
}
Event: 27.132 GC heap after
{Heap after GC invocations=195 (full 36):
 PSYoungGen      total 15872K, used 6115K [0x00000000eab00000, 0x00000000ec480000, 0x0000000100000000)
  eden space 9728K, 0% used [0x00000000eab00000,0x00000000eab00000,0x00000000eb480000)
  from space 6144K, 99% used [0x00000000eb480000,0x00000000eba78c08,0x00000000eba80000)
  to   space 8192K, 0% used [0x00000000ebc80000,0x00000000ebc80000,0x00000000ec480000)
 ParOldGen       total 699392K, used 278989K [0x00000000c0000000, 0x00000000eab00000, 0x00000000eab00000)
  object space 699392K, 39% used [0x00000000c0000000,0x00000000d1073568,0x00000000eab00000)
 Metaspace       used 64758K, committed 65920K, reserved 1114112K
  class space    used 6947K, committed 7424K, reserved 1048576K
}
Event: 27.160 GC heap before
{Heap before GC invocations=196 (full 36):
 PSYoungGen      total 15872K, used 15843K [0x00000000eab00000, 0x00000000ec480000, 0x0000000100000000)
  eden space 9728K, 100% used [0x00000000eab00000,0x00000000eb480000,0x00000000eb480000)
  from space 6144K, 99% used [0x00000000eb480000,0x00000000eba78c08,0x00000000eba80000)
  to   space 8192K, 0% used [0x00000000ebc80000,0x00000000ebc80000,0x00000000ec480000)
 ParOldGen       total 699392K, used 278989K [0x00000000c0000000, 0x00000000eab00000, 0x00000000eab00000)
  object space 699392K, 39% used [0x00000000c0000000,0x00000000d1073568,0x00000000eab00000)
 Metaspace       used 64758K, committed 65920K, reserved 1114112K
  class space    used 6947K, committed 7424K, reserved 1048576K
}
Event: 27.165 GC heap after
{Heap after GC invocations=196 (full 36):
 PSYoungGen      total 16384K, used 6100K [0x00000000eab00000, 0x00000000ec280000, 0x0000000100000000)
  eden space 10240K, 0% used [0x00000000eab00000,0x00000000eab00000,0x00000000eb500000)
  from space 6144K, 99% used [0x00000000ebc80000,0x00000000ec275018,0x00000000ec280000)
  to   space 6656K, 0% used [0x00000000eb580000,0x00000000eb580000,0x00000000ebc00000)
 ParOldGen       total 699392K, used 281705K [0x00000000c0000000, 0x00000000eab00000, 0x00000000eab00000)
  object space 699392K, 40% used [0x00000000c0000000,0x00000000d131a7b0,0x00000000eab00000)
 Metaspace       used 64758K, committed 65920K, reserved 1114112K
  class space    used 6947K, committed 7424K, reserved 1048576K
}
Event: 27.201 GC heap before
{Heap before GC invocations=197 (full 36):
 PSYoungGen      total 16384K, used 16340K [0x00000000eab00000, 0x00000000ec280000, 0x0000000100000000)
  eden space 10240K, 100% used [0x00000000eab00000,0x00000000eb500000,0x00000000eb500000)
  from space 6144K, 99% used [0x00000000ebc80000,0x00000000ec275018,0x00000000ec280000)
  to   space 6656K, 0% used [0x00000000eb580000,0x00000000eb580000,0x00000000ebc00000)
 ParOldGen       total 699392K, used 281705K [0x00000000c0000000, 0x00000000eab00000, 0x00000000eab00000)
  object space 699392K, 40% used [0x00000000c0000000,0x00000000d131a7b0,0x00000000eab00000)
 Metaspace       used 64758K, committed 65920K, reserved 1114112K
  class space    used 6947K, committed 7424K, reserved 1048576K
}
Event: 27.207 GC heap after
{Heap after GC invocations=197 (full 36):
 PSYoungGen      total 17408K, used 6624K [0x00000000eab00000, 0x00000000ec880000, 0x0000000100000000)
  eden space 10752K, 0% used [0x00000000eab00000,0x00000000eab00000,0x00000000eb580000)
  from space 6656K, 99% used [0x00000000eb580000,0x00000000ebbf8298,0x00000000ebc00000)
  to   space 9728K, 0% used [0x00000000ebf00000,0x00000000ebf00000,0x00000000ec880000)
 ParOldGen       total 699392K, used 283846K [0x00000000c0000000, 0x00000000eab00000, 0x00000000eab00000)
  object space 699392K, 40% used [0x00000000c0000000,0x00000000d1531bd8,0x00000000eab00000)
 Metaspace       used 64758K, committed 65920K, reserved 1114112K
  class space    used 6947K, committed 7424K, reserved 1048576K
}
Event: 27.229 GC heap before
{Heap before GC invocations=198 (full 36):
 PSYoungGen      total 17408K, used 17376K [0x00000000eab00000, 0x00000000ec880000, 0x0000000100000000)
  eden space 10752K, 100% used [0x00000000eab00000,0x00000000eb580000,0x00000000eb580000)
  from space 6656K, 99% used [0x00000000eb580000,0x00000000ebbf8298,0x00000000ebc00000)
  to   space 9728K, 0% used [0x00000000ebf00000,0x00000000ebf00000,0x00000000ec880000)
 ParOldGen       total 699392K, used 283846K [0x00000000c0000000, 0x00000000eab00000, 0x00000000eab00000)
  object space 699392K, 40% used [0x00000000c0000000,0x00000000d1531bd8,0x00000000eab00000)
 Metaspace       used 64758K, committed 65920K, reserved 1114112K
  class space    used 6947K, committed 7424K, reserved 1048576K
}
Event: 27.235 GC heap after
{Heap after GC invocations=198 (full 36):
 PSYoungGen      total 18432K, used 7145K [0x00000000eab00000, 0x00000000ec600000, 0x0000000100000000)
  eden space 11264K, 0% used [0x00000000eab00000,0x00000000eab00000,0x00000000eb600000)
  from space 7168K, 99% used [0x00000000ebf00000,0x00000000ec5fa5f8,0x00000000ec600000)
  to   space 8192K, 0% used [0x00000000eb600000,0x00000000eb600000,0x00000000ebe00000)
 ParOldGen       total 699392K, used 286675K [0x00000000c0000000, 0x00000000eab00000, 0x00000000eab00000)
  object space 699392K, 40% used [0x00000000c0000000,0x00000000d17f4f10,0x00000000eab00000)
 Metaspace       used 64758K, committed 65920K, reserved 1114112K
  class space    used 6947K, committed 7424K, reserved 1048576K
}
Event: 27.259 GC heap before
{Heap before GC invocations=199 (full 36):
 PSYoungGen      total 18432K, used 18397K [0x00000000eab00000, 0x00000000ec600000, 0x0000000100000000)
  eden space 11264K, 99% used [0x00000000eab00000,0x00000000eb5fce70,0x00000000eb600000)
  from space 7168K, 99% used [0x00000000ebf00000,0x00000000ec5fa5f8,0x00000000ec600000)
  to   space 8192K, 0% used [0x00000000eb600000,0x00000000eb600000,0x00000000ebe00000)
 ParOldGen       total 699392K, used 286675K [0x00000000c0000000, 0x00000000eab00000, 0x00000000eab00000)
  object space 699392K, 40% used [0x00000000c0000000,0x00000000d17f4f10,0x00000000eab00000)
 Metaspace       used 64758K, committed 65920K, reserved 1114112K
  class space    used 6947K, committed 7424K, reserved 1048576K
}
Event: 27.265 GC heap after
{Heap after GC invocations=199 (full 36):
 PSYoungGen      total 19456K, used 8176K [0x00000000eab00000, 0x00000000ec600000, 0x0000000100000000)
  eden space 11264K, 0% used [0x00000000eab00000,0x00000000eab00000,0x00000000eb600000)
  from space 8192K, 99% used [0x00000000eb600000,0x00000000ebdfc110,0x00000000ebe00000)
  to   space 7168K, 0% used [0x00000000ebf00000,0x00000000ebf00000,0x00000000ec600000)
 ParOldGen       total 699392K, used 288586K [0x00000000c0000000, 0x00000000eab00000, 0x00000000eab00000)
  object space 699392K, 41% used [0x00000000c0000000,0x00000000d19d29e8,0x00000000eab00000)
 Metaspace       used 64758K, committed 65920K, reserved 1114112K
  class space    used 6947K, committed 7424K, reserved 1048576K
}
Event: 27.281 GC heap before
{Heap before GC invocations=200 (full 36):
 PSYoungGen      total 19456K, used 19440K [0x00000000eab00000, 0x00000000ec600000, 0x0000000100000000)
  eden space 11264K, 100% used [0x00000000eab00000,0x00000000eb600000,0x00000000eb600000)
  from space 8192K, 99% used [0x00000000eb600000,0x00000000ebdfc110,0x00000000ebe00000)
  to   space 7168K, 0% used [0x00000000ebf00000,0x00000000ebf00000,0x00000000ec600000)
 ParOldGen       total 699392K, used 288586K [0x00000000c0000000, 0x00000000eab00000, 0x00000000eab00000)
  object space 699392K, 41% used [0x00000000c0000000,0x00000000d19d29e8,0x00000000eab00000)
 Metaspace       used 64758K, committed 65920K, reserved 1114112K
  class space    used 6947K, committed 7424K, reserved 1048576K
}
Event: 27.286 GC heap after
{Heap after GC invocations=200 (full 36):
 PSYoungGen      total 18432K, used 7150K [0x00000000eab00000, 0x00000000ec600000, 0x0000000100000000)
  eden space 11264K, 0% used [0x00000000eab00000,0x00000000eab00000,0x00000000eb600000)
  from space 7168K, 99% used [0x00000000ebf00000,0x00000000ec5fba80,0x00000000ec600000)
  to   space 8192K, 0% used [0x00000000eb600000,0x00000000eb600000,0x00000000ebe00000)
 ParOldGen       total 699392K, used 293471K [0x00000000c0000000, 0x00000000eab00000, 0x00000000eab00000)
  object space 699392K, 41% used [0x00000000c0000000,0x00000000d1e97f30,0x00000000eab00000)
 Metaspace       used 64758K, committed 65920K, reserved 1114112K
  class space    used 6947K, committed 7424K, reserved 1048576K
}
Event: 27.300 GC heap before
{Heap before GC invocations=201 (full 36):
 PSYoungGen      total 18432K, used 18414K [0x00000000eab00000, 0x00000000ec600000, 0x0000000100000000)
  eden space 11264K, 100% used [0x00000000eab00000,0x00000000eb600000,0x00000000eb600000)
  from space 7168K, 99% used [0x00000000ebf00000,0x00000000ec5fba80,0x00000000ec600000)
  to   space 8192K, 0% used [0x00000000eb600000,0x00000000eb600000,0x00000000ebe00000)
 ParOldGen       total 699392K, used 293471K [0x00000000c0000000, 0x00000000eab00000, 0x00000000eab00000)
  object space 699392K, 41% used [0x00000000c0000000,0x00000000d1e97f30,0x00000000eab00000)
 Metaspace       used 64758K, committed 65920K, reserved 1114112K
  class space    used 6947K, committed 7424K, reserved 1048576K
}
Event: 27.305 GC heap after
{Heap after GC invocations=201 (full 36):
 PSYoungGen      total 19456K, used 7291K [0x00000000eab00000, 0x00000000ec600000, 0x0000000100000000)
  eden space 11264K, 0% used [0x00000000eab00000,0x00000000eab00000,0x00000000eb600000)
  from space 8192K, 89% used [0x00000000eb600000,0x00000000ebd1ef78,0x00000000ebe00000)
  to   space 7168K, 0% used [0x00000000ebf00000,0x00000000ebf00000,0x00000000ec600000)
 ParOldGen       total 699392K, used 297552K [0x00000000c0000000, 0x00000000eab00000, 0x00000000eab00000)
  object space 699392K, 42% used [0x00000000c0000000,0x00000000d22942e8,0x00000000eab00000)
 Metaspace       used 64758K, committed 65920K, reserved 1114112K
  class space    used 6947K, committed 7424K, reserved 1048576K
}
Event: 27.318 GC heap before
{Heap before GC invocations=202 (full 36):
 PSYoungGen      total 19456K, used 18528K [0x00000000eab00000, 0x00000000ec600000, 0x0000000100000000)
  eden space 11264K, 99% used [0x00000000eab00000,0x00000000eb5f93f8,0x00000000eb600000)
  from space 8192K, 89% used [0x00000000eb600000,0x00000000ebd1ef78,0x00000000ebe00000)
  to   space 7168K, 0% used [0x00000000ebf00000,0x00000000ebf00000,0x00000000ec600000)
 ParOldGen       total 699392K, used 297552K [0x00000000c0000000, 0x00000000eab00000, 0x00000000eab00000)
  object space 699392K, 42% used [0x00000000c0000000,0x00000000d22942e8,0x00000000eab00000)
 Metaspace       used 64758K, committed 65920K, reserved 1114112K
  class space    used 6947K, committed 7424K, reserved 1048576K
}
Event: 27.323 GC heap after
{Heap after GC invocations=202 (full 36):
 PSYoungGen      total 18432K, used 7152K [0x00000000eab00000, 0x00000000ec600000, 0x0000000100000000)
  eden space 11264K, 0% used [0x00000000eab00000,0x00000000eab00000,0x00000000eb600000)
  from space 7168K, 99% used [0x00000000ebf00000,0x00000000ec5fc168,0x00000000ec600000)
  to   space 8192K, 0% used [0x00000000eb600000,0x00000000eb600000,0x00000000ebe00000)
 ParOldGen       total 699392K, used 301900K [0x00000000c0000000, 0x00000000eab00000, 0x00000000eab00000)
  object space 699392K, 43% used [0x00000000c0000000,0x00000000d26d3108,0x00000000eab00000)
 Metaspace       used 64758K, committed 65920K, reserved 1114112K
  class space    used 6947K, committed 7424K, reserved 1048576K
}
Event: 27.335 GC heap before
{Heap before GC invocations=203 (full 36):
 PSYoungGen      total 18432K, used 18416K [0x00000000eab00000, 0x00000000ec600000, 0x0000000100000000)
  eden space 11264K, 100% used [0x00000000eab00000,0x00000000eb600000,0x00000000eb600000)
  from space 7168K, 99% used [0x00000000ebf00000,0x00000000ec5fc168,0x00000000ec600000)
  to   space 8192K, 0% used [0x00000000eb600000,0x00000000eb600000,0x00000000ebe00000)
 ParOldGen       total 699392K, used 301900K [0x00000000c0000000, 0x00000000eab00000, 0x00000000eab00000)
  object space 699392K, 43% used [0x00000000c0000000,0x00000000d26d3108,0x00000000eab00000)
 Metaspace       used 64758K, committed 65920K, reserved 1114112K
  class space    used 6947K, committed 7424K, reserved 1048576K
}
Event: 27.340 GC heap after
{Heap after GC invocations=203 (full 36):
 PSYoungGen      total 19456K, used 7596K [0x00000000eab00000, 0x00000000ec900000, 0x0000000100000000)
  eden space 11264K, 0% used [0x00000000eab00000,0x00000000eab00000,0x00000000eb600000)
  from space 8192K, 92% used [0x00000000eb600000,0x00000000ebd6b2b0,0x00000000ebe00000)
  to   space 9216K, 0% used [0x00000000ec000000,0x00000000ec000000,0x00000000ec900000)
 ParOldGen       total 699392K, used 306111K [0x00000000c0000000, 0x00000000eab00000, 0x00000000eab00000)
  object space 699392K, 43% used [0x00000000c0000000,0x00000000d2aefea0,0x00000000eab00000)
 Metaspace       used 64758K, committed 65920K, reserved 1114112K
  class space    used 6947K, committed 7424K, reserved 1048576K
}

